[0.951s] Invoking command in '/home/nathan/hector_point_ws/src/point_demo': PYTHONPATH=/home/nathan/hector_point_ws/build/point_demo/prefix_override:/usr/lib/python3/dist-packages/colcon_core/task/python/colcon_distutils_commands:/home/nathan/hector_point_ws/install/point_demo/lib/python3.10/site-packages:${PYTHONPATH} /usr/bin/python3 -W ignore:setup.py install is deprecated -W ignore:easy_install command is deprecated setup.py egg_info --egg-base ../../build/point_demo build --build-base /home/nathan/hector_point_ws/build/point_demo/build install --record /home/nathan/hector_point_ws/build/point_demo/install.log --single-version-externally-managed install_data
[1.256s] running egg_info
[1.276s] writing ../../build/point_demo/point_demo.egg-info/PKG-INFO
[1.276s] writing dependency_links to ../../build/point_demo/point_demo.egg-info/dependency_links.txt
[1.276s] writing entry points to ../../build/point_demo/point_demo.egg-info/entry_points.txt
[1.276s] writing requirements to ../../build/point_demo/point_demo.egg-info/requires.txt
[1.276s] writing top-level names to ../../build/point_demo/point_demo.egg-info/top_level.txt
[1.298s] reading manifest file '../../build/point_demo/point_demo.egg-info/SOURCES.txt'
[1.298s] writing manifest file '../../build/point_demo/point_demo.egg-info/SOURCES.txt'
[1.299s] running build
[1.299s] running build_py
[1.299s] running install
[1.302s] running install_lib
[1.315s] running install_data
[1.315s] running install_egg_info
[1.326s] removing '/home/nathan/hector_point_ws/install/point_demo/lib/python3.10/site-packages/point_demo-0.0.0-py3.10.egg-info' (and everything under it)
[1.326s] Copying ../../build/point_demo/point_demo.egg-info to /home/nathan/hector_point_ws/install/point_demo/lib/python3.10/site-packages/point_demo-0.0.0-py3.10.egg-info
[1.326s] running install_scripts
[1.388s] Installing ik_cbf script to /home/nathan/hector_point_ws/install/point_demo/lib/point_demo
[1.388s] Installing rrt_star script to /home/nathan/hector_point_ws/install/point_demo/lib/point_demo
[1.388s] writing list of installed files to '/home/nathan/hector_point_ws/build/point_demo/install.log'
[1.429s] Invoked command in '/home/nathan/hector_point_ws/src/point_demo' returned '0': PYTHONPATH=/home/nathan/hector_point_ws/build/point_demo/prefix_override:/usr/lib/python3/dist-packages/colcon_core/task/python/colcon_distutils_commands:/home/nathan/hector_point_ws/install/point_demo/lib/python3.10/site-packages:${PYTHONPATH} /usr/bin/python3 -W ignore:setup.py install is deprecated -W ignore:easy_install command is deprecated setup.py egg_info --egg-base ../../build/point_demo build --build-base /home/nathan/hector_point_ws/build/point_demo/build install --record /home/nathan/hector_point_ws/build/point_demo/install.log --single-version-externally-managed install_data
