[0.677s] Invoking command in '/home/nathan/hector_point_ws/src/point_demo': PYTHONPATH=/home/nathan/hector_point_ws/build/point_demo/prefix_override:/usr/lib/python3/dist-packages/colcon_core/task/python/colcon_distutils_commands:/home/nathan/hector_point_ws/install/point_demo/lib/python3.10/site-packages:${PYTHONPATH} /usr/bin/python3 -W ignore:setup.py install is deprecated -W ignore:easy_install command is deprecated setup.py egg_info --egg-base ../../build/point_demo build --build-base /home/nathan/hector_point_ws/build/point_demo/build install --record /home/nathan/hector_point_ws/build/point_demo/install.log --single-version-externally-managed install_data
[0.921s] running egg_info
[0.935s] writing ../../build/point_demo/point_demo.egg-info/PKG-INFO
[0.935s] writing dependency_links to ../../build/point_demo/point_demo.egg-info/dependency_links.txt
[0.935s] writing entry points to ../../build/point_demo/point_demo.egg-info/entry_points.txt
[0.935s] writing requirements to ../../build/point_demo/point_demo.egg-info/requires.txt
[0.935s] writing top-level names to ../../build/point_demo/point_demo.egg-info/top_level.txt
[0.954s] reading manifest file '../../build/point_demo/point_demo.egg-info/SOURCES.txt'
[0.954s] writing manifest file '../../build/point_demo/point_demo.egg-info/SOURCES.txt'
[0.954s] running build
[0.954s] running build_py
[0.954s] running install
[0.958s] running install_lib
[0.967s] running install_data
[0.967s] running install_egg_info
[0.976s] removing '/home/nathan/hector_point_ws/install/point_demo/lib/python3.10/site-packages/point_demo-0.0.0-py3.10.egg-info' (and everything under it)
[0.976s] Copying ../../build/point_demo/point_demo.egg-info to /home/nathan/hector_point_ws/install/point_demo/lib/python3.10/site-packages/point_demo-0.0.0-py3.10.egg-info
[0.977s] running install_scripts
[1.022s] Installing ik_cbf script to /home/nathan/hector_point_ws/install/point_demo/lib/point_demo
[1.022s] Installing rrt_star script to /home/nathan/hector_point_ws/install/point_demo/lib/point_demo
[1.022s] writing list of installed files to '/home/nathan/hector_point_ws/build/point_demo/install.log'
[1.044s] Invoked command in '/home/nathan/hector_point_ws/src/point_demo' returned '0': PYTHONPATH=/home/nathan/hector_point_ws/build/point_demo/prefix_override:/usr/lib/python3/dist-packages/colcon_core/task/python/colcon_distutils_commands:/home/nathan/hector_point_ws/install/point_demo/lib/python3.10/site-packages:${PYTHONPATH} /usr/bin/python3 -W ignore:setup.py install is deprecated -W ignore:easy_install command is deprecated setup.py egg_info --egg-base ../../build/point_demo build --build-base /home/nathan/hector_point_ws/build/point_demo/build install --record /home/nathan/hector_point_ws/build/point_demo/install.log --single-version-externally-managed install_data
