running egg_info
creating ../../build/point_demo/point_demo.egg-info
writing ../../build/point_demo/point_demo.egg-info/PKG-INFO
writing dependency_links to ../../build/point_demo/point_demo.egg-info/dependency_links.txt
writing entry points to ../../build/point_demo/point_demo.egg-info/entry_points.txt
writing requirements to ../../build/point_demo/point_demo.egg-info/requires.txt
writing top-level names to ../../build/point_demo/point_demo.egg-info/top_level.txt
writing manifest file '../../build/point_demo/point_demo.egg-info/SOURCES.txt'
reading manifest file '../../build/point_demo/point_demo.egg-info/SOURCES.txt'
writing manifest file '../../build/point_demo/point_demo.egg-info/SOURCES.txt'
running build
running build_py
creating /home/nathan/hector_point_ws/build/point_demo/build
creating /home/nathan/hector_point_ws/build/point_demo/build/lib
creating /home/nathan/hector_point_ws/build/point_demo/build/lib/point_demo
copying point_demo/ik_cbf.py -> /home/nathan/hector_point_ws/build/point_demo/build/lib/point_demo
copying point_demo/__init__.py -> /home/nathan/hector_point_ws/build/point_demo/build/lib/point_demo
copying point_demo/rrt_star.py -> /home/nathan/hector_point_ws/build/point_demo/build/lib/point_demo
running install
running install_lib
creating /home/nathan/hector_point_ws/install/point_demo/lib/python3.10/site-packages/point_demo
copying /home/nathan/hector_point_ws/build/point_demo/build/lib/point_demo/ik_cbf.py -> /home/nathan/hector_point_ws/install/point_demo/lib/python3.10/site-packages/point_demo
copying /home/nathan/hector_point_ws/build/point_demo/build/lib/point_demo/__init__.py -> /home/nathan/hector_point_ws/install/point_demo/lib/python3.10/site-packages/point_demo
copying /home/nathan/hector_point_ws/build/point_demo/build/lib/point_demo/rrt_star.py -> /home/nathan/hector_point_ws/install/point_demo/lib/python3.10/site-packages/point_demo
byte-compiling /home/nathan/hector_point_ws/install/point_demo/lib/python3.10/site-packages/point_demo/ik_cbf.py to ik_cbf.cpython-310.pyc
byte-compiling /home/nathan/hector_point_ws/install/point_demo/lib/python3.10/site-packages/point_demo/__init__.py to __init__.cpython-310.pyc
byte-compiling /home/nathan/hector_point_ws/install/point_demo/lib/python3.10/site-packages/point_demo/rrt_star.py to rrt_star.cpython-310.pyc
running install_data
creating /home/nathan/hector_point_ws/install/point_demo/share/ament_index
creating /home/nathan/hector_point_ws/install/point_demo/share/ament_index/resource_index
creating /home/nathan/hector_point_ws/install/point_demo/share/ament_index/resource_index/packages
copying resource/point_demo -> /home/nathan/hector_point_ws/install/point_demo/share/ament_index/resource_index/packages
copying package.xml -> /home/nathan/hector_point_ws/install/point_demo/share/point_demo
creating /home/nathan/hector_point_ws/install/point_demo/share/point_demo/launch
copying launch/move_point.launch.py -> /home/nathan/hector_point_ws/install/point_demo/share/point_demo/launch
creating /home/nathan/hector_point_ws/install/point_demo/share/point_demo/urdf
copying urdf/point.urdf -> /home/nathan/hector_point_ws/install/point_demo/share/point_demo/urdf
running install_egg_info
Copying ../../build/point_demo/point_demo.egg-info to /home/nathan/hector_point_ws/install/point_demo/lib/python3.10/site-packages/point_demo-0.0.0-py3.10.egg-info
running install_scripts
Installing ik_cbf script to /home/nathan/hector_point_ws/install/point_demo/lib/point_demo
Installing rrt_star script to /home/nathan/hector_point_ws/install/point_demo/lib/point_demo
writing list of installed files to '/home/nathan/hector_point_ws/build/point_demo/install.log'
