/home/nathan/hector_point_ws/install/point_demo/lib/python3.10/site-packages/point_demo/ik_cbf.py
/home/nathan/hector_point_ws/install/point_demo/lib/python3.10/site-packages/point_demo/__init__.py
/home/nathan/hector_point_ws/install/point_demo/lib/python3.10/site-packages/point_demo/rrt_star.py
/home/nathan/hector_point_ws/install/point_demo/lib/python3.10/site-packages/point_demo/__pycache__/ik_cbf.cpython-310.pyc
/home/nathan/hector_point_ws/install/point_demo/lib/python3.10/site-packages/point_demo/__pycache__/__init__.cpython-310.pyc
/home/nathan/hector_point_ws/install/point_demo/lib/python3.10/site-packages/point_demo/__pycache__/rrt_star.cpython-310.pyc
/home/nathan/hector_point_ws/install/point_demo/share/ament_index/resource_index/packages/point_demo
/home/nathan/hector_point_ws/install/point_demo/share/point_demo/package.xml
/home/nathan/hector_point_ws/install/point_demo/share/point_demo/launch/move_point.launch.py
/home/nathan/hector_point_ws/install/point_demo/share/point_demo/urdf/point.urdf
/home/nathan/hector_point_ws/install/point_demo/share/point_demo/urdf/obstacle_world.world
/home/nathan/hector_point_ws/install/point_demo/lib/python3.10/site-packages/point_demo-0.0.0-py3.10.egg-info/dependency_links.txt
/home/nathan/hector_point_ws/install/point_demo/lib/python3.10/site-packages/point_demo-0.0.0-py3.10.egg-info/zip-safe
/home/nathan/hector_point_ws/install/point_demo/lib/python3.10/site-packages/point_demo-0.0.0-py3.10.egg-info/entry_points.txt
/home/nathan/hector_point_ws/install/point_demo/lib/python3.10/site-packages/point_demo-0.0.0-py3.10.egg-info/SOURCES.txt
/home/nathan/hector_point_ws/install/point_demo/lib/python3.10/site-packages/point_demo-0.0.0-py3.10.egg-info/PKG-INFO
/home/nathan/hector_point_ws/install/point_demo/lib/python3.10/site-packages/point_demo-0.0.0-py3.10.egg-info/top_level.txt
/home/nathan/hector_point_ws/install/point_demo/lib/python3.10/site-packages/point_demo-0.0.0-py3.10.egg-info/requires.txt
/home/nathan/hector_point_ws/install/point_demo/lib/point_demo/ik_cbf
/home/nathan/hector_point_ws/install/point_demo/lib/point_demo/rrt_star
