running egg_info
writing ../../build/point_demo/point_demo.egg-info/PKG-INFO
writing dependency_links to ../../build/point_demo/point_demo.egg-info/dependency_links.txt
writing entry points to ../../build/point_demo/point_demo.egg-info/entry_points.txt
writing requirements to ../../build/point_demo/point_demo.egg-info/requires.txt
writing top-level names to ../../build/point_demo/point_demo.egg-info/top_level.txt
reading manifest file '../../build/point_demo/point_demo.egg-info/SOURCES.txt'
writing manifest file '../../build/point_demo/point_demo.egg-info/SOURCES.txt'
running build
running build_py
running install
running install_lib
running install_data
copying launch/move_point.launch.py -> /home/nathan/hector_point_ws/install/point_demo/share/point_demo/launch
running install_egg_info
removing '/home/nathan/hector_point_ws/install/point_demo/lib/python3.10/site-packages/point_demo-0.0.0-py3.10.egg-info' (and everything under it)
Copying ../../build/point_demo/point_demo.egg-info to /home/nathan/hector_point_ws/install/point_demo/lib/python3.10/site-packages/point_demo-0.0.0-py3.10.egg-info
running install_scripts
Installing ik_cbf script to /home/nathan/hector_point_ws/install/point_demo/lib/point_demo
Installing rrt_star script to /home/nathan/hector_point_ws/install/point_demo/lib/point_demo
writing list of installed files to '/home/nathan/hector_point_ws/build/point_demo/install.log'
