[0.743s] Invoking command in '/home/nathan/hector_point_ws/src/point_demo': PYTHONPATH=/home/nathan/hector_point_ws/build/point_demo/prefix_override:/usr/lib/python3/dist-packages/colcon_core/task/python/colcon_distutils_commands:/home/nathan/hector_point_ws/install/point_demo/lib/python3.10/site-packages:${PYTHONPATH} /usr/bin/python3 -W ignore:setup.py install is deprecated -W ignore:easy_install command is deprecated setup.py egg_info --egg-base ../../build/point_demo build --build-base /home/nathan/hector_point_ws/build/point_demo/build install --record /home/nathan/hector_point_ws/build/point_demo/install.log --single-version-externally-managed install_data
[1.013s] running egg_info
[1.031s] writing ../../build/point_demo/point_demo.egg-info/PKG-INFO
[1.031s] writing dependency_links to ../../build/point_demo/point_demo.egg-info/dependency_links.txt
[1.031s] writing entry points to ../../build/point_demo/point_demo.egg-info/entry_points.txt
[1.031s] writing requirements to ../../build/point_demo/point_demo.egg-info/requires.txt
[1.031s] writing top-level names to ../../build/point_demo/point_demo.egg-info/top_level.txt
[1.051s] reading manifest file '../../build/point_demo/point_demo.egg-info/SOURCES.txt'
[1.051s] writing manifest file '../../build/point_demo/point_demo.egg-info/SOURCES.txt'
[1.052s] running build
[1.052s] running build_py
[1.052s] copying point_demo/rrt_star.py -> /home/nathan/hector_point_ws/build/point_demo/build/lib/point_demo
[1.052s] running install
[1.056s] running install_lib
[1.065s] copying /home/nathan/hector_point_ws/build/point_demo/build/lib/point_demo/rrt_star.py -> /home/nathan/hector_point_ws/install/point_demo/lib/python3.10/site-packages/point_demo
[1.066s] byte-compiling /home/nathan/hector_point_ws/install/point_demo/lib/python3.10/site-packages/point_demo/rrt_star.py to rrt_star.cpython-310.pyc
[1.067s] running install_data
[1.067s] running install_egg_info
[1.078s] removing '/home/nathan/hector_point_ws/install/point_demo/lib/python3.10/site-packages/point_demo-0.0.0-py3.10.egg-info' (and everything under it)
[1.078s] Copying ../../build/point_demo/point_demo.egg-info to /home/nathan/hector_point_ws/install/point_demo/lib/python3.10/site-packages/point_demo-0.0.0-py3.10.egg-info
[1.079s] running install_scripts
[1.129s] Installing ik_cbf script to /home/nathan/hector_point_ws/install/point_demo/lib/point_demo
[1.130s] Installing rrt_star script to /home/nathan/hector_point_ws/install/point_demo/lib/point_demo
[1.130s] writing list of installed files to '/home/nathan/hector_point_ws/build/point_demo/install.log'
[1.163s] Invoked command in '/home/nathan/hector_point_ws/src/point_demo' returned '0': PYTHONPATH=/home/nathan/hector_point_ws/build/point_demo/prefix_override:/usr/lib/python3/dist-packages/colcon_core/task/python/colcon_distutils_commands:/home/nathan/hector_point_ws/install/point_demo/lib/python3.10/site-packages:${PYTHONPATH} /usr/bin/python3 -W ignore:setup.py install is deprecated -W ignore:easy_install command is deprecated setup.py egg_info --egg-base ../../build/point_demo build --build-base /home/nathan/hector_point_ws/build/point_demo/build install --record /home/nathan/hector_point_ws/build/point_demo/install.log --single-version-externally-managed install_data
